{
  "stats": {
    "suites": 2,
    "tests": 1,
    "passes": 1,
    "pending": 0,
    "failures": 0,
    "start": "2017-01-23T05:34:56.154Z",
    "end": "2017-01-23T05:34:56.161Z",
    "duration": 7,
    "testsRegistered": 1,
    "passPercent": 100,
    "pendingPercent": 0,
    "other": 0,
    "hasOther": false,
    "skipped": 0,
    "hasSkipped": false,
    "passPercentClass": "success",
    "pendingPercentClass": "danger"
  },
  "suites": {
    "title": "",
    "suites": [
      {
        "title": "Array",
        "suites": [
          {
            "title": "#indexOf()",
            "suites": [],
            "tests": [
              {
                "title": "should return -1 when the value is not present",
                "fullTitle": "Array #indexOf() should return -1 when the value is not present",
                "timedOut": false,
                "duration": 0,
                "state": "passed",
                "speed": "fast",
                "pass": true,
                "fail": false,
                "pending": false,
                "code": "assert.equal(-1, [1,2,3].indexOf(4));",
                "err": {},
                "isRoot": false,
                "uuid": "53825535-9600-478d-964b-7fb0be64c314",
                "parentUUID": "cb79a942-b98c-483b-9c10-8332eee2151c",
                "skipped": false
              }
            ],
            "pending": [],
            "root": false,
            "_timeout": 2000,
            "file": "/test/test.js",
            "uuid": "cb79a942-b98c-483b-9c10-8332eee2151c",
            "fullFile": "/Users/bok95/bluehack/kiosk/KP-api/test/test.js",
            "passes": [
              {
                "title": "should return -1 when the value is not present",
                "fullTitle": "Array #indexOf() should return -1 when the value is not present",
                "timedOut": false,
                "duration": 0,
                "state": "passed",
                "speed": "fast",
                "pass": true,
                "fail": false,
                "pending": false,
                "code": "assert.equal(-1, [1,2,3].indexOf(4));",
                "err": {},
                "isRoot": false,
                "uuid": "53825535-9600-478d-964b-7fb0be64c314",
                "parentUUID": "cb79a942-b98c-483b-9c10-8332eee2151c",
                "skipped": false
              }
            ],
            "failures": [],
            "skipped": [],
            "hasTests": true,
            "hasSuites": false,
            "totalTests": 1,
            "totalPasses": 1,
            "totalFailures": 0,
            "totalPending": 0,
            "totalSkipped": 0,
            "hasPasses": true,
            "hasFailures": false,
            "hasPending": false,
            "hasSkipped": false,
            "duration": 0
          }
        ],
        "tests": [],
        "pending": [],
        "root": false,
        "_timeout": 2000,
        "file": "/test/test.js",
        "uuid": "367d1b5b-163e-4ad0-8714-e7cd63c6227d",
        "fullFile": "/Users/bok95/bluehack/kiosk/KP-api/test/test.js",
        "passes": [],
        "failures": [],
        "skipped": [],
        "hasTests": false,
        "hasSuites": true,
        "totalTests": 0,
        "totalPasses": 0,
        "totalFailures": 0,
        "totalPending": 0,
        "totalSkipped": 0,
        "hasPasses": false,
        "hasFailures": false,
        "hasPending": false,
        "hasSkipped": false,
        "duration": 0
      }
    ],
    "tests": [],
    "pending": [],
    "root": true,
    "_timeout": 2000,
    "uuid": "a07c9496-5b41-4d3b-b6a8-9d1b442e7a1a",
    "fullFile": "",
    "file": "",
    "passes": [],
    "failures": [],
    "skipped": [],
    "hasTests": false,
    "hasSuites": true,
    "totalTests": 0,
    "totalPasses": 0,
    "totalFailures": 0,
    "totalPending": 0,
    "totalSkipped": 0,
    "hasPasses": false,
    "hasFailures": false,
    "hasPending": false,
    "hasSkipped": false,
    "duration": 0,
    "rootEmpty": true
  },
  "allTests": [
    {
      "title": "should return -1 when the value is not present",
      "fullTitle": "#indexOf() should return -1 when the value is not present",
      "timedOut": false,
      "duration": 0,
      "state": "passed",
      "speed": "fast",
      "pass": true,
      "fail": false,
      "pending": false,
      "code": "assert.equal(-1, [1,2,3].indexOf(4));",
      "err": {},
      "isRoot": false,
      "uuid": "53825535-9600-478d-964b-7fb0be64c314",
      "parentUUID": "cb79a942-b98c-483b-9c10-8332eee2151c",
      "skipped": false
    }
  ],
  "allPending": [],
  "allPasses": [
    {
      "title": "should return -1 when the value is not present",
      "fullTitle": "#indexOf() should return -1 when the value is not present",
      "timedOut": false,
      "duration": 0,
      "state": "passed",
      "speed": "fast",
      "pass": true,
      "fail": false,
      "pending": false,
      "code": "assert.equal(-1, [1,2,3].indexOf(4));",
      "err": {},
      "isRoot": false,
      "uuid": "53825535-9600-478d-964b-7fb0be64c314",
      "parentUUID": "cb79a942-b98c-483b-9c10-8332eee2151c",
      "skipped": false
    }
  ],
  "allFailures": [],
  "copyrightYear": 2017
}